<?xml version="1.0" encoding="UTF-8"?>
<!-- Generated by org.testng.reporters.JUnitXMLReporter -->
<testsuite ignored="6" hostname="CRED-G9B69S3" failures="0" tests="4" name="Test" time="0.076" errors="0" timestamp="2024-09-01T17:33:01 IST">
  <testcase classname="testNG.TestNGclass1" name="test1" time="0.009"/>
  <testcase classname="testNG.TestNGclass1" name="test3" time="0.001"/>
  <testcase classname="testNG.TestNGclass2" name="test6" time="0.002"/>
  <testcase classname="testNG.TestNGclass2" name="test8" time="0.001"/>
  <testcase classname="testNG.TestNGclass1" name="test5" time="0.0">
    <ignored/>
  </testcase> <!-- test5 -->
  <testcase classname="testNG.TestNGclass2" name="test10" time="0.0">
    <ignored/>
  </testcase> <!-- test10 -->
  <testcase classname="testNG.TestNGclass1" name="test2" time="0.0">
    <ignored/>
  </testcase> <!-- test2 -->
  <testcase classname="testNG.TestNGclass1" name="test4" time="0.0">
    <ignored/>
  </testcase> <!-- test4 -->
  <testcase classname="testNG.TestNGclass2" name="test9" time="0.0">
    <ignored/>
  </testcase> <!-- test9 -->
  <testcase classname="testNG.TestNGclass2" name="test7" time="0.0">
    <ignored/>
  </testcase> <!-- test7 -->
</testsuite> <!-- Test -->
