<?xml version="1.0" encoding="UTF-8"?>
<!-- Generated by org.testng.reporters.JUnitXMLReporter -->
<testsuite ignored="0" hostname="CRED-G9B69S3" failures="1" tests="2" name="Test(failed)" time="0.08" errors="0" timestamp="2024-09-01T01:19:07 IST">
  <testcase classname="ui.TestNG4" name="a" time="0.019">
    <failure type="java.lang.AssertionError" message="expected [true] but found [false]">
      <![CDATA[java.lang.AssertionError: expected [true] but found [false]
at ui.TestNG4.a(TestNG4.java:9)
at java.base/java.util.ArrayList.forEach(ArrayList.java:1511)
... Removed 31 stack frames]]>
    </failure>
  </testcase> <!-- a -->
  <testcase classname="ui.TestNG4" name="b" time="0.0">
    <skipped/>
  </testcase> <!-- b -->
</testsuite> <!-- Test(failed) -->
